<?xml version="1.0" encoding="UTF-8" ?>
<testsuite failures="0" time="0.056" errors="0" skipped="0" tests="2" name="cn.fanghao.bos.dao.base.StandardRepositoryTest">
  <properties>
    <property name="idea.version" value="2017.1.3"/>
    <property name="java.runtime.name" value="Java(TM) SE Runtime Environment"/>
    <property name="sun.boot.library.path" value="D:\develop\Java\jdk1.7.0_72\jre\bin"/>
    <property name="java.vm.version" value="24.72-b04"/>
    <property name="java.vm.vendor" value="Oracle Corporation"/>
    <property name="maven.multiModuleProjectDirectory" value="D:\java_project\common_parent"/>
    <property name="java.vendor.url" value="http://java.oracle.com/"/>
    <property name="path.separator" value=";"/>
    <property name="guice.disable.misplaced.annotation.check" value="true"/>
    <property name="java.vm.name" value="Java HotSpot(TM) Client VM"/>
    <property name="file.encoding.pkg" value="sun.io"/>
    <property name="user.script" value=""/>
    <property name="user.country" value="CN"/>
    <property name="sun.java.launcher" value="SUN_STANDARD"/>
    <property name="sun.os.patch.level" value=""/>
    <property name="java.vm.specification.name" value="Java Virtual Machine Specification"/>
    <property name="user.dir" value="D:\java_project\common_parent"/>
    <property name="java.runtime.version" value="1.7.0_72-b14"/>
    <property name="java.awt.graphicsenv" value="sun.awt.Win32GraphicsEnvironment"/>
    <property name="java.endorsed.dirs" value="D:\develop\Java\jdk1.7.0_72\jre\lib\endorsed"/>
    <property name="os.arch" value="x86"/>
    <property name="java.io.tmpdir" value="C:\Users\eggdog\AppData\Local\Temp\"/>
    <property name="line.separator" value="
"/>
    <property name="java.vm.specification.vendor" value="Oracle Corporation"/>
    <property name="user.variant" value=""/>
    <property name="os.name" value="Windows 8.1"/>
    <property name="classworlds.conf" value="D:\develop\IntelliJ IDEA 2017.1\plugins\maven\lib\maven3\bin\m2.conf"/>
    <property name="sun.jnu.encoding" value="GBK"/>
    <property name="java.library.path" value="D:\develop\Java\jdk1.7.0_72\bin;C:\WINDOWS\Sun\Java\bin;C:\WINDOWS\system32;C:\WINDOWS;C:\Program Files\Java\jdk1.8.0_92\bin;D:\develop\apache-maven-3.3.9-bin\apache-maven-3.3.9\bin;D:\develop\apache-tomcat-8.0.42\lib;D:\develop\apache-tomcat-8.0.42\bin;C:\ProgramData\Oracle\Java\javapath;C:\Program Files (x86)\Intel\iCLS Client\;C:\Program Files\Intel\iCLS Client\;C:\Windows\system32;C:\Windows;C:\Windows\System32\Wbem;C:\Windows\System32\WindowsPowerShell\v1.0\;C:\Program Files (x86)\NVIDIA Corporation\PhysX\Common;C:\Program Files\Intel\WiFi\bin\;C:\Program Files\Common Files\Intel\WirelessCommon\;C:\WINDOWS\system32;C:\WINDOWS;C:\WINDOWS\System32\Wbem;C:\WINDOWS\System32\WindowsPowerShell\v1.0\;D:\develop\MySQL Server 5.5\bin;D:\develop\MySQL\MySQL Server 5.5\bin;C:\Program Files\Java\jdk1.8.0_92\jre\bin;C:\Program Files (x86)\Intel\Intel(R) Management Engine Components\DAL;C:\Program Files\Intel\Intel(R) Management Engine Components\DAL;C:\Program Files (x86)\Intel\Intel(R) Management Engine Components\IPT;C:\Program Files\Intel\Intel(R) Management Engine Components\IPT;D:\develops\VisualSVN Server\bin;d:\develop\Git\cmd;D:\develop\TortoiseGit\bin;;C:\Program Files (x86)\Microsoft VS Code\bin;C:\Users\eggdog\AppData\Local\Microsoft\WindowsApps;."/>
    <property name="java.specification.name" value="Java Platform API Specification"/>
    <property name="java.class.version" value="51.0"/>
    <property name="sun.management.compiler" value="HotSpot Client Compiler"/>
    <property name="maven.repo.local" value="D:\develop\apache-maven-3.3.9-bin\repository"/>
    <property name="os.version" value="6.3"/>
    <property name="user.home" value="C:\Users\eggdog"/>
    <property name="user.timezone" value="Asia/Shanghai"/>
    <property name="java.awt.printerjob" value="sun.awt.windows.WPrinterJob"/>
    <property name="java.specification.version" value="1.7"/>
    <property name="file.encoding" value="UTF-8"/>
    <property name="user.name" value="eggdog"/>
    <property name="java.class.path" value="D:\develop\IntelliJ IDEA 2017.1\plugins\maven\lib\maven3\boot\plexus-classworlds-2.5.2.jar;D:\develop\IntelliJ IDEA 2017.1\lib\idea_rt.jar"/>
    <property name="java.vm.specification.version" value="1.7"/>
    <property name="sun.arch.data.model" value="32"/>
    <property name="java.home" value="D:\develop\Java\jdk1.7.0_72\jre"/>
    <property name="sun.java.command" value="org.codehaus.classworlds.Launcher -Didea.version=2017.1.3 -s D:\develop\apache-maven-3.3.9-bin\apache-maven-3.3.9\conf\settings.xml -Dmaven.repo.local=D:\develop\apache-maven-3.3.9-bin\repository install"/>
    <property name="java.specification.vendor" value="Oracle Corporation"/>
    <property name="user.language" value="zh"/>
    <property name="awt.toolkit" value="sun.awt.windows.WToolkit"/>
    <property name="java.vm.info" value="mixed mode, sharing"/>
    <property name="java.version" value="1.7.0_72"/>
    <property name="java.ext.dirs" value="D:\develop\Java\jdk1.7.0_72\jre\lib\ext;C:\WINDOWS\Sun\Java\lib\ext"/>
    <property name="sun.boot.class.path" value="D:\develop\Java\jdk1.7.0_72\jre\lib\resources.jar;D:\develop\Java\jdk1.7.0_72\jre\lib\rt.jar;D:\develop\Java\jdk1.7.0_72\jre\lib\sunrsasign.jar;D:\develop\Java\jdk1.7.0_72\jre\lib\jsse.jar;D:\develop\Java\jdk1.7.0_72\jre\lib\jce.jar;D:\develop\Java\jdk1.7.0_72\jre\lib\charsets.jar;D:\develop\Java\jdk1.7.0_72\jre\lib\jfr.jar;D:\develop\Java\jdk1.7.0_72\jre\classes"/>
    <property name="java.vendor" value="Oracle Corporation"/>
    <property name="maven.home" value="D:\develop\IntelliJ IDEA 2017.1\plugins\maven\lib\maven3"/>
    <property name="file.separator" value="\"/>
    <property name="java.vendor.url.bug" value="http://bugreport.sun.com/bugreport/"/>
    <property name="sun.cpu.endian" value="little"/>
    <property name="sun.io.unicode.encoding" value="UnicodeLittle"/>
    <property name="sun.desktop" value="windows"/>
    <property name="sun.cpu.isalist" value="pentium_pro+mmx pentium_pro pentium+mmx pentium i486 i386 i86"/>
  </properties>
  <testcase time="0.042" classname="cn.fanghao.bos.dao.base.StandardRepositoryTest" name="testQuery"/>
  <testcase time="0.014" classname="cn.fanghao.bos.dao.base.StandardRepositoryTest" name="testQuery1"/>
</testsuite>